2022-03-07 05:24:34.010  INFO 1800 --- [main] c.s.webappdb.WebappDbApplication         : Starting WebappDbApplication using Java 17.0.1 on Abdurraheem with PID 1800 (E:\abdur\Documents\IntelliJ\webappDb\target\classes started by abdur in E:\abdur\Documents\IntelliJ\webappDb)
2022-03-07 05:24:34.023 DEBUG 1800 --- [main] c.s.webappdb.WebappDbApplication         : Running with Spring Boot v2.6.4, Spring v5.3.16
2022-03-07 05:24:34.025  INFO 1800 --- [main] c.s.webappdb.WebappDbApplication         : No active profile set, falling back to 1 default profile: "default"
2022-03-07 05:24:35.232  INFO 1800 --- [main] .s.d.r.c.RepositoryConfigurationDelegate : Bootstrapping Spring Data JPA repositories in DEFAULT mode.
2022-03-07 05:24:35.318  INFO 1800 --- [main] .s.d.r.c.RepositoryConfigurationDelegate : Finished Spring Data repository scanning in 68 ms. Found 2 JPA repository interfaces.
2022-03-07 05:24:36.774  INFO 1800 --- [main] o.s.b.w.embedded.tomcat.TomcatWebServer  : Tomcat initialized with port(s): 8080 (http)
2022-03-07 05:24:36.787  INFO 1800 --- [main] o.apache.catalina.core.StandardService   : Starting service [Tomcat]
2022-03-07 05:24:36.787  INFO 1800 --- [main] org.apache.catalina.core.StandardEngine  : Starting Servlet engine: [Apache Tomcat/9.0.58]
2022-03-07 05:24:36.957  INFO 1800 --- [main] o.a.c.c.C.[Tomcat].[localhost].[/]       : Initializing Spring embedded WebApplicationContext
2022-03-07 05:24:36.958  INFO 1800 --- [main] w.s.c.ServletWebServerApplicationContext : Root WebApplicationContext: initialization completed in 2787 ms
2022-03-07 05:24:37.367  INFO 1800 --- [main] o.hibernate.jpa.internal.util.LogHelper  : HHH000204: Processing PersistenceUnitInfo [name: default]
2022-03-07 05:24:37.483  INFO 1800 --- [main] org.hibernate.Version                    : HHH000412: Hibernate ORM core version 5.6.5.Final
2022-03-07 05:24:37.885  INFO 1800 --- [main] o.hibernate.annotations.common.Version   : HCANN000001: Hibernate Commons Annotations {5.1.2.Final}
2022-03-07 05:24:38.067  INFO 1800 --- [main] com.zaxxer.hikari.HikariDataSource       : HikariPool-1 - Starting...
2022-03-07 05:24:38.414  INFO 1800 --- [main] com.zaxxer.hikari.HikariDataSource       : HikariPool-1 - Start completed.
2022-03-07 05:24:38.443  INFO 1800 --- [main] org.hibernate.dialect.Dialect            : HHH000400: Using dialect: org.hibernate.dialect.PostgreSQLDialect
2022-03-07 05:24:39.306  INFO 1800 --- [main] o.h.e.t.j.p.i.JtaPlatformInitiator       : HHH000490: Using JtaPlatform implementation: [org.hibernate.engine.transaction.jta.platform.internal.NoJtaPlatform]
2022-03-07 05:24:39.314  INFO 1800 --- [main] j.LocalContainerEntityManagerFactoryBean : Initialized JPA EntityManagerFactory for persistence unit 'default'
2022-03-07 05:24:40.140  WARN 1800 --- [main] JpaBaseConfiguration$JpaWebConfiguration : spring.jpa.open-in-view is enabled by default. Therefore, database queries may be performed during view rendering. Explicitly configure spring.jpa.open-in-view to disable this warning
2022-03-07 05:24:41.423  INFO 1800 --- [main] o.s.b.w.embedded.tomcat.TomcatWebServer  : Tomcat started on port(s): 8080 (http) with context path ''
2022-03-07 05:24:41.435  INFO 1800 --- [main] c.s.webappdb.WebappDbApplication         : Started WebappDbApplication in 8.049 seconds (JVM running for 8.731)
2022-03-07 05:25:12.618  INFO 1800 --- [http-nio-8080-exec-1] o.a.c.c.C.[Tomcat].[localhost].[/]       : Initializing Spring DispatcherServlet 'dispatcherServlet'
2022-03-07 05:25:12.618  INFO 1800 --- [http-nio-8080-exec-1] o.s.web.servlet.DispatcherServlet        : Initializing Servlet 'dispatcherServlet'
2022-03-07 05:25:12.620  INFO 1800 --- [http-nio-8080-exec-1] o.s.web.servlet.DispatcherServlet        : Completed initialization in 1 ms
2022-03-07 05:25:12.658 TRACE 1800 --- [http-nio-8080-exec-1] Aspects$$EnhancerBySpringCGLIB$$bfd1a2f6 : List com.springboot.webappdb.topics.TopicControllers.getAllTopics() method called before execution
2022-03-07 05:25:12.671 TRACE 1800 --- [http-nio-8080-exec-1] Aspects$$EnhancerBySpringCGLIB$$bfd1a2f6 : List com.springboot.webappdb.topics.TopicService.getAllTopics() method called before execution
2022-03-07 05:25:12.680 TRACE 1800 --- [http-nio-8080-exec-1] Aspects$$EnhancerBySpringCGLIB$$bfd1a2f6 : Iterable org.springframework.data.repository.CrudRepository.findAll() method called before execution
2022-03-07 05:25:12.876 TRACE 1800 --- [http-nio-8080-exec-1] Aspects$$EnhancerBySpringCGLIB$$bfd1a2f6 : Iterable org.springframework.data.repository.CrudRepository.findAll() method called after execution
2022-03-07 05:25:12.877 TRACE 1800 --- [http-nio-8080-exec-1] Aspects$$EnhancerBySpringCGLIB$$bfd1a2f6 : List com.springboot.webappdb.topics.TopicService.getAllTopics() method called after execution
2022-03-07 05:25:12.877 TRACE 1800 --- [http-nio-8080-exec-1] Aspects$$EnhancerBySpringCGLIB$$bfd1a2f6 : List com.springboot.webappdb.topics.TopicControllers.getAllTopics() method called after execution
